<?xml version="1.0" encoding="UTF-8"?>
<!-- Generated by org.testng.reporters.JUnitXMLReporter -->
<testsuite ignored="6" hostname="Mubin" failures="0" tests="3" name="Test(failed)" time="0.107" errors="0" timestamp="2023-01-19T15:27:37 IST">
  <testcase classname="testNGpack.Sumo" name="sumo2" time="0.016"/>
  <testcase classname="testNGpack.Demo" name="demo2" time="0.001"/>
  <testcase classname="testNGpack.Remo" name="remo2" time="0.002"/>
  <testcase classname="testNGpack.Remo" name="remo1" time="0.0">
    <ignored/>
  </testcase> <!-- remo1 -->
  <testcase classname="testNGpack.Demo" name="Demo" time="0.0">
    <ignored/>
  </testcase> <!-- Demo -->
  <testcase classname="testNGpack.Sumo" name="sumo" time="0.0">
    <ignored/>
  </testcase> <!-- sumo -->
  <testcase classname="testNGpack.Remo" name="remo" time="0.0">
    <ignored/>
  </testcase> <!-- remo -->
  <testcase classname="testNGpack.Demo" name="demo1" time="0.0">
    <ignored/>
  </testcase> <!-- demo1 -->
  <testcase classname="testNGpack.Sumo" name="sumo1" time="0.0">
    <ignored/>
  </testcase> <!-- sumo1 -->
</testsuite> <!-- Test(failed) -->
